Array
(
    [status] => Failed
    [message] => Your request could not be completed at this moment, please try after sometime. CellPay.
)
Array
(
    [status] => Failed
    [message] => Your request could not be completed at this moment, please try after sometime. CellPay.
)
Array
(
    [status] => Failed
    [message] => Your request could not be completed at this moment, please try after sometime. CellPay.
)
Array
(
    [status] => Failed
    [message] => Your request could not be completed at this moment, please try after sometime. CellPay.
)
Array
(
    [status] => Failed
    [message] => Your request could not be completed at this moment, please try after sometime. CellPay.
)
Array
(
    [status] => Failed
    [message] => Your request could not be completed as your account does not have sufficient funds, please verify and try after sometime. CellPay.
)
Array
(
    [status] => Failed
    [message] => Not enough funds
)
Array
(
    [status] => Failed
    [message] => Not enough funds
)
Array
(
    [status] => Failed
    [message] => Not enough funds
)
Array
(
    [status] => Failed
    [message] => Your request could not be completed as your account does not have sufficient funds, please verify and try after sometime. CellPay.
)
Array
(
    [status] => Failed
    [message] => Your request could not be completed as your account does not have sufficient funds, please verify and try after sometime. CellPay.
)
Array
(
    [status] => Failed
    [message] => Not enough funds
)
Array
(
    [status] => Failed
    [message] => Your request could not be completed at this moment, please try after sometime. CellPay.
)
Array
(
    [status] => Failed
    [message] => Your request could not be completed at this moment, please try after sometime. CellPay.
)
Array
(
    [status] => Failed
    [message] => Your request could not be completed at this moment, please try after sometime. CellPay.
)
Array
(
    [status] => Failed
    [message] => Your request could not be completed at this moment, please try after sometime. CellPay.
)
Array
(
    [status] => Failed
    [message] => Your request could not be completed at this moment, please try after sometime. CellPay.
)
Array
(
    [status] => Failed
    [message] => Your request could not be completed at this moment, please try after sometime. CellPay.
)
Array
(
    [status] => Failed
    [message] => Not enough funds
)
Array
(
    [status] => Failed
    [message] => Not enough funds
)
Array
(
    [status] => Failed
    [message] => Not enough funds
)
Array
(
    [status] => Failed
    [message] => Your request could not be completed at this moment, please try after sometime. CellPay.
)
Array
(
    [status] => Failed
    [message] => Your request could not be completed at this moment, please try after sometime. CellPay.
)
Array
(
    [status] => Failed
    [message] => Not enough funds
)
Array
(
    [status] => Failed
    [message] => Your request could not be completed as your account does not have sufficient funds, please verify and try after sometime. CellPay.
)
Array
(
    [status] => Failed
    [message] => Not enough funds
)
