Array
(
    [test] => ramkrishna
)
Array
(
    [ap_merchant] => 98401977888
    [ap_amount] => 1500
    [ap_currency] => NPR
    [ap_purchasetype] => Item
    [ap_itemname] => Your Store - #12
    [ap_itemcode] => 12
    [ap_returnurl] => http://127.0.0.1:3099/opencart-3.0.3.2/upload/index.php?route=checkout/success
    [ap_cancelurl] => http://127.0.0.1:3099/opencart-3.0.3.2/upload/index.php?route=checkout/checkout
)
Array
(
)
Array
(
)
Array
(
    [ap_amount] => 1000
    [ap_orderId] => 13
)
Array
(
    [orderId] => 13
    [cellPayId] => 122217
)
Array
(
    [orderId] => 13
    [cellPayId] => 122217
)
Array
(
    [orderId] => 13
    [cellPayId] => 122217
)
Array
(
    [orderId] => 13
    [cellPayId] => 122217
)
Array
(
    [orderId] => 13
    [cellPayId] => 122217
)
Array
(
    [orderId] => 13
    [cellPayId] => 122217
)
Array
(
    [orderId] => 13
    [cellPayId] => 122217
)
Array
(
    [orderId] => 13
    [cellPayId] => 122217
)
Array
(
    [orderId] => 13
    [cellPayId] => 122217
)
Array
(
    [orderId] => 13
    [cellPayId] => 122217
)
Array
(
    [orderId] => 13
    [cellPayId] => 122217
)
Array
(
    [orderId] => 13
    [cellPayId] => 122217
)
Array
(
    [orderId] => 13
    [cellPayId] => 122217
)
Array
(
    [orderId] => 13
    [cellPayId] => 122217
)
Array
(
    [orderId] => 13
    [cellPayId] => 122217
)
Array
(
    [orderId] => 13
    [cellPayId] => 122217
)
Array
(
    [orderId] => 13
    [cellPayId] => 122217
)
Array
(
    [orderId] => 13
    [cellPayId] => 122217
)
Array
(
    [orderId] => 13
    [cellPayId] => 122217
)
Array
(
    [orderId] => 13
    [cellPayId] => 122217
)
Array
(
    [orderId] => 13
    [cellPayId] => 122217
)
Array
(
    [orderId] => 13
    [cellPayId] => 122217
)
Array
(
    [orderId] => 13
    [cellPayId] => 122217
)
Array
(
    [orderId] => 13
    [cellPayId] => 122217
)
Array
(
    [orderId] => 13
    [cellPayId] => 122217
)
Array
(
    [orderId] => 13
    [cellPayId] => 122217
)
Array
(
    [orderId] => 13
    [cellPayId] => 122217
)
Array
(
    [orderId] => 13
    [cellPayId] => 122217
)
Array
(
    [orderId] => 13
    [cellPayId] => 122217
)
Array
(
    [orderId] => 13
    [cellPayId] => 122217
)
Array
(
    [orderId] => 13
    [cellPayId] => 122217
)
Array
(
    [orderId] => 13
    [cellPayId] => 122217
)
Array
(
    [orderId] => 13
    [cellPayId] => 122217
)
Array
(
    [orderId] => 13
    [cellPayId] => 122217
)
Array
(
    [orderId] => 13
    [cellPayId] => 122217
)
Array
(
    [orderId] => 13
    [cellPayId] => 122217
)
Array
(
    [orderId] => 13
    [cellPayId] => 122217
)
Array
(
    [orderId] => 13
    [cellPayId] => 122217
)
Array
(
    [orderId] => 13
    [cellPayId] => 122217
)
Array
(
    [orderId] => 13
    [cellPayId] => 122217
)
