Array
(
    [refId] => 123226
    [status] => SUCCESS
    [invoice_no] => 21
    [amount] => 500
    [net_amount] => 497
)
Array
(
    [refId] => 123228
    [status] => SUCCESS
    [invoice_no] => 22
    [amount] => 500
    [net_amount] => 497
)
Array
(
    [refId] => 123230
    [status] => SUCCESS
    [invoice_no] => 23
    [amount] => 500
    [net_amount] => 497
)
Array
(
    [refId] => 123232
    [status] => SUCCESS
    [invoice_no] => 24
    [amount] => 500
    [net_amount] => 497
)
Array
(
    [refId] => 282981
    [status] => SUCCESS
    [invoice_no] => 3370
    [amount] => 600
)
Array
(
    [refId] => 282981
    [status] => SUCCESS
    [invoice_no] => 3370
    [amount] => 600
)
Array
(
    [refId] => 282981
    [status] => SUCCESS
    [invoice_no] => 3371
    [amount] => 600
)
Array
(
    [refId] => 282981
    [status] => SUCCESS
    [invoice_no] => 3371
    [amount] => 600
)
Array
(
    [refId] => 282981
    [status] => SUCCESS
    [invoice_no] => 3371
    [amount] => 600
)
Array
(
    [refId] => 282981
    [status] => SUCCESS
    [invoice_no] => 3371
    [amount] => 600
)
Array
(
    [refId] => 282981
    [status] => SUCCESS
    [invoice_no] => 3371
    [amount] => 600
)
Array
(
    [refId] => 282981
    [status] => SUCCESS
    [invoice_no] => 3371
    [amount] => 600
)
Array
(
    [refId] => 282981
    [status] => SUCCESS
    [invoice_no] => 3371
    [amount] => 600
)
Array
(
    [refId] => 282981
    [status] => SUCCESS
    [invoice_no] => 3371
    [amount] => 600
)
Array
(
    [refId] => 282981
    [status] => SUCCESS
    [invoice_no] => 3371
    [amount] => 600
)
Array
(
    [refId] => 282981
    [status] => SUCCESS
    [invoice_no] => 3371
    [amount] => 600
)
Array
(
    [refId] => 282981
    [status] => SUCCESS
    [invoice_no] => 3371
    [amount] => 600
)
Array
(
    [refId] => 283270
    [status] => SUCCESS
    [invoice_no] => 3377
    [amount] => 600
)
Array
(
    [refId] => 283668
    [status] => SUCCESS
    [invoice_no] => 3390
    [amount] => 570
)
Array
(
    [refId] => 283676
    [status] => SUCCESS
    [invoice_no] => 3391
    [amount] => 570
)
Array
(
    [refId] => 283676
    [status] => SUCCESS
    [invoice_no] => 3391
    [amount] => 570
)
Array
(
    [refId] => 283676
    [status] => SUCCESS
    [invoice_no] => 3391
    [amount] => 570
)
Array
(
    [refId] => 283676
    [status] => SUCCESS
    [invoice_no] => 3391
    [amount] => 570
)
Array
(
    [refId] => 283676
    [status] => SUCCESS
    [invoice_no] => 3391
    [amount] => 570
)
Array
(
    [refId] => 283676
    [status] => SUCCESS
    [invoice_no] => 3391
    [amount] => 570
)
Array
(
    [refId] => 283793
    [status] => SUCCESS
    [invoice_no] => 3393
    [amount] => 570
)
Array
(
    [refId] => 321410
    [status] => SUCCESS
    [invoice_no] => 4161
    [amount] => 6135
)
Array
(
    [refId] => 327545
    [status] => SUCCESS
    [invoice_no] => 4292
    [amount] => 995
)
Array
(
    [refId] => 328217
    [status] => SUCCESS
    [invoice_no] => 4317
    [amount] => 1585
)
Array
(
)
Array
(
    [refId] => 334508
    [status] => SUCCESS
    [invoice_no] => 4464
    [amount] => 705
)
Array
(
    [refId] => 336856
    [status] => SUCCESS
    [invoice_no] => 4520
    [amount] => 2020
)
Array
(
    [refId] => 343931
    [status] => SUCCESS
    [invoice_no] => 4692
    [amount] => 687.5
    [net_amount] => 680.62
)
Array
(
    [refId] => 344558
    [status] => SUCCESS
    [invoice_no] => 4726
    [amount] => 1586
    [net_amount] => 1570.14
)
Array
(
    [refId] => 344665
    [status] => SUCCESS
    [invoice_no] => 4743
    [amount] => 1245
    [net_amount] => 1232.55
)
Array
(
    [refId] => 345152
    [status] => SUCCESS
    [invoice_no] => 4759
    [amount] => 2425
    [net_amount] => 2400.75
)
Array
(
    [refId] => 345706
    [status] => SUCCESS
    [invoice_no] => 4811
    [amount] => 570
    [net_amount] => 564.3
)
Array
(
    [refId] => 345748
    [status] => SUCCESS
    [invoice_no] => 4815
    [amount] => 1730
    [net_amount] => 1712.7
)
Array
(
    [refId] => 346274
    [status] => SUCCESS
    [invoice_no] => 4840
    [amount] => 690
    [net_amount] => 683.1
)
Array
(
    [refId] => 348480
    [status] => SUCCESS
    [invoice_no] => 4946
    [amount] => 1685
    [net_amount] => 1668.15
)
Array
(
    [refId] => 349307
    [status] => SUCCESS
    [invoice_no] => 4974
    [amount] => 1935
    [net_amount] => 1915.65
)
Array
(
    [refId] => 349609
    [status] => SUCCESS
    [invoice_no] => 4999
    [amount] => 1584
    [net_amount] => 1568.16
)
Array
(
    [refId] => 350371
    [status] => SUCCESS
    [invoice_no] => 5033
    [amount] => 2495
    [net_amount] => 2470.05
)
Array
(
    [refId] => 350567
    [status] => SUCCESS
    [invoice_no] => 5041
    [amount] => 1690
    [net_amount] => 1673.1
)
Array
(
    [refId] => 350630
    [status] => SUCCESS
    [invoice_no] => 5048
    [amount] => 3456
    [net_amount] => 3421.44
)
Array
(
    [refId] => 352247
    [status] => SUCCESS
    [invoice_no] => 5123
    [amount] => 7080
    [net_amount] => 7009.2
)
Array
(
    [refId] => 353053
    [status] => SUCCESS
    [invoice_no] => 5159
    [amount] => 1320
    [net_amount] => 1306.8
)
Array
(
    [refId] => 354844
    [status] => SUCCESS
    [invoice_no] => 5247
    [amount] => 6765
    [net_amount] => 6697.35
)
Array
(
    [refId] => 354952
    [status] => SUCCESS
    [invoice_no] => 5255
    [amount] => 785
    [net_amount] => 777.15
)
Array
(
    [refId] => 355855
    [status] => SUCCESS
    [invoice_no] => 5290
    [amount] => 1625
    [net_amount] => 1608.75
)
Array
(
    [refId] => 356825
    [status] => SUCCESS
    [invoice_no] => 5331
    [amount] => 1710
    [net_amount] => 1692.9
)
Array
(
    [refId] => 357702
    [status] => SUCCESS
    [invoice_no] => 5366
    [amount] => 1065
    [net_amount] => 1054.35
)
Array
(
    [refId] => 362240
    [status] => SUCCESS
    [invoice_no] => 5550
    [amount] => 1200
    [net_amount] => 1188
)
Array
(
    [refId] => 362946
    [status] => SUCCESS
    [invoice_no] => 5583
    [amount] => 2360
    [net_amount] => 2336.4
)
Array
(
    [refId] => 368970
    [status] => SUCCESS
    [invoice_no] => 5769
    [amount] => 1950
    [net_amount] => 1930.5
)
Array
(
    [refId] => 370677
    [status] => SUCCESS
    [invoice_no] => 5828
    [amount] => 1555
    [net_amount] => 1539.45
)
Array
(
    [refId] => 399557
    [status] => SUCCESS
    [invoice_no] => 6433
    [amount] => 1720
    [net_amount] => 1702.8
)
Array
(
    [refId] => 404124
    [status] => SUCCESS
    [invoice_no] => 6515
    [amount] => 580
    [net_amount] => 574.2
)
Array
(
    [refId] => 407329
    [status] => SUCCESS
    [invoice_no] => 6587
    [amount] => 720
    [net_amount] => 712.8
)
Array
(
    [refId] => 411530
    [status] => SUCCESS
    [invoice_no] => 6657
    [amount] => 2617.25
    [net_amount] => 2591.08
)
Array
(
    [refId] => 564584
    [status] => SUCCESS
    [invoice_no] => 9322
    [amount] => 770
    [net_amount] => 762.3
)
